<?xml version="1.0" encoding="UTF-8"?>
<testsuite name="TestMessages" tests="1" time="94.654559" failures="0" errors="0" skipped="0" assertions="49">
  <testcase name="test_messages" time="94.654266" assertions="49">
  </testcase>
  <system-out>
  </system-out>
  <system-err>
  </system-err>
</testsuite>
