<?xml version="1.0" encoding="UTF-8"?>
<testsuite name="TestCreatingCourseSite" tests="1" time="27.398943" failures="0" errors="0" skipped="0" assertions="21">
  <testcase name="test_create_site1" time="27.398636" assertions="21">
  </testcase>
  <system-out>
  </system-out>
  <system-err>
  </system-err>
</testsuite>
