<?xml version="1.0" encoding="UTF-8"?>
<testsuite name="TestUpdatingUserProfile" tests="1" time="12.47897" failures="0" errors="0" skipped="0" assertions="2">
  <testcase name="test_updating_user_profile" time="12.47863" assertions="2">
  </testcase>
  <system-out>
  </system-out>
  <system-err>
  </system-err>
</testsuite>
