<?xml version="1.0" encoding="UTF-8"?>
<testsuite name="TestMasterCourseSite" tests="1" time="16.631454" failures="0" errors="1" skipped="0" assertions="0">
  <testcase name="test_master_course_site" time="16.631151" assertions="0">
    <error type="Selenium::WebDriver::Error::UnknownError" message="Session [df3c7977-ff16-3544-aa4d-b458ba4b607c] has no driver. The browser window may have been closed.">
Session [df3c7977-ff16-3544-aa4d-b458ba4b607c] has no driver. The browser window may have been closed. (Selenium::WebDriver::Error::UnknownError)
/Users/abrahamheward/.rvm/gems/ruby-1.9.2-p290/gems/page-object-0.6.6/lib/page-object/platforms/watir_webdriver/page_object.rb:840:in `instance_eval'
[remote server] file:///var/folders/3s/7syjkffx7531pz3gy65y6mw00000gn/T/webdriver-profile20120507-26981-v5ia23/extensions/fxdriver@googlecode.com/components/driver_component.js:5605:in `unknown'
[remote server] file:///var/folders/3s/7syjkffx7531pz3gy65y6mw00000gn/T/webdriver-profile20120507-26981-v5ia23/extensions/fxdriver@googlecode.com/components/driver_component.js:5761:in `unknown'
[remote server] file:///var/folders/3s/7syjkffx7531pz3gy65y6mw00000gn/T/webdriver-profile20120507-26981-v5ia23/extensions/fxdriver@googlecode.com/components/driver_component.js:5708:in `unknown'
[remote server] file:///var/folders/3s/7syjkffx7531pz3gy65y6mw00000gn/T/webdriver-profile20120507-26981-v5ia23/extensions/fxdriver@googlecode.com/components/driver_component.js:9847:in `unknown'
[remote server] file:///var/folders/3s/7syjkffx7531pz3gy65y6mw00000gn/T/webdriver-profile20120507-26981-v5ia23/extensions/fxdriver@googlecode.com/components/httpd.js:1935:in `unknown'
[remote server] file:///var/folders/3s/7syjkffx7531pz3gy65y6mw00000gn/T/webdriver-profile20120507-26981-v5ia23/extensions/fxdriver@googlecode.com/components/httpd.js:2261:in `unknown'
[remote server] file:///var/folders/3s/7syjkffx7531pz3gy65y6mw00000gn/T/webdriver-profile20120507-26981-v5ia23/extensions/fxdriver@googlecode.com/components/httpd.js:1168:in `unknown'
[remote server] file:///var/folders/3s/7syjkffx7531pz3gy65y6mw00000gn/T/webdriver-profile20120507-26981-v5ia23/extensions/fxdriver@googlecode.com/components/httpd.js:1616:in `unknown'
[remote server] file:///var/folders/3s/7syjkffx7531pz3gy65y6mw00000gn/T/webdriver-profile20120507-26981-v5ia23/extensions/fxdriver@googlecode.com/components/httpd.js:1464:in `unknown'
[remote server] file:///var/folders/3s/7syjkffx7531pz3gy65y6mw00000gn/T/webdriver-profile20120507-26981-v5ia23/extensions/fxdriver@googlecode.com/components/httpd.js:1333:in `unknown'
/Users/abrahamheward/.rvm/gems/ruby-1.9.2-p290/gems/selenium-webdriver-2.21.2/lib/selenium/webdriver/remote/response.rb:52:in `assert_ok'
/Users/abrahamheward/.rvm/gems/ruby-1.9.2-p290/gems/selenium-webdriver-2.21.2/lib/selenium/webdriver/remote/response.rb:15:in `initialize'
/Users/abrahamheward/.rvm/gems/ruby-1.9.2-p290/gems/selenium-webdriver-2.21.2/lib/selenium/webdriver/remote/http/common.rb:59:in `new'
/Users/abrahamheward/.rvm/gems/ruby-1.9.2-p290/gems/selenium-webdriver-2.21.2/lib/selenium/webdriver/remote/http/common.rb:59:in `create_response'
/Users/abrahamheward/.rvm/gems/ruby-1.9.2-p290/gems/selenium-webdriver-2.21.2/lib/selenium/webdriver/remote/http/default.rb:64:in `request'
/Users/abrahamheward/.rvm/gems/ruby-1.9.2-p290/gems/selenium-webdriver-2.21.2/lib/selenium/webdriver/remote/http/common.rb:40:in `call'
/Users/abrahamheward/.rvm/gems/ruby-1.9.2-p290/gems/selenium-webdriver-2.21.2/lib/selenium/webdriver/remote/bridge.rb:598:in `raw_execute'
/Users/abrahamheward/.rvm/gems/ruby-1.9.2-p290/gems/selenium-webdriver-2.21.2/lib/selenium/webdriver/remote/bridge.rb:576:in `execute'
/Users/abrahamheward/.rvm/gems/ruby-1.9.2-p290/gems/selenium-webdriver-2.21.2/lib/selenium/webdriver/remote/bridge.rb:183:in `switchToDefaultContent'
/Users/abrahamheward/.rvm/gems/ruby-1.9.2-p290/gems/selenium-webdriver-2.21.2/lib/selenium/webdriver/common/target_locator.rb:68:in `default_content'
/Users/abrahamheward/.rvm/gems/ruby-1.9.2-p290/gems/watir-webdriver-0.5.5/lib/watir-webdriver/browser.rb:163:in `assert_exists'
/Users/abrahamheward/.rvm/gems/ruby-1.9.2-p290/gems/watir-webdriver-0.5.5/lib/watir-webdriver/elements/frame.rb:6:in `locate'
/Users/abrahamheward/.rvm/gems/ruby-1.9.2-p290/gems/watir-webdriver-0.5.5/lib/watir-webdriver/elements/element.rb:362:in `assert_exists'
/Users/abrahamheward/.rvm/gems/ruby-1.9.2-p290/gems/watir-webdriver-0.5.5/lib/watir-webdriver/elements/frame.rb:30:in `assert_exists'
/Users/abrahamheward/.rvm/gems/ruby-1.9.2-p290/gems/watir-webdriver-0.5.5/lib/watir-webdriver/elements/element.rb:383:in `locate'
/Users/abrahamheward/.rvm/gems/ruby-1.9.2-p290/gems/watir-webdriver-0.5.5/lib/watir-webdriver/elements/element.rb:362:in `assert_exists'
/Users/abrahamheward/.rvm/gems/ruby-1.9.2-p290/gems/watir-webdriver-0.5.5/lib/watir-webdriver/elements/checkbox.rb:19:in `set'
(eval):1:in `process_watir_call'
/Users/abrahamheward/.rvm/gems/ruby-1.9.2-p290/gems/page-object-0.6.6/lib/page-object/platforms/watir_webdriver/page_object.rb:840:in `instance_eval'
/Users/abrahamheward/.rvm/gems/ruby-1.9.2-p290/gems/page-object-0.6.6/lib/page-object/platforms/watir_webdriver/page_object.rb:840:in `process_watir_call'
/Users/abrahamheward/.rvm/gems/ruby-1.9.2-p290/gems/page-object-0.6.6/lib/page-object/platforms/watir_webdriver/page_object.rb:333:in `check_checkbox'
/Users/abrahamheward/.rvm/gems/ruby-1.9.2-p290/gems/page-object-0.6.6/lib/page-object/accessors.rb:312:in `block in checkbox'
tc_SIS_course.rb:76:in `test_master_course_site'
/Users/abrahamheward/.rvm/gems/ruby-1.9.2-p290/gems/test-unit-2.4.8/lib/test/unit/testcase.rb:562:in `run_test'
/Users/abrahamheward/.rvm/gems/ruby-1.9.2-p290/gems/test-unit-2.4.8/lib/test/unit/testcase.rb:326:in `run'
/Users/abrahamheward/.rvm/gems/ruby-1.9.2-p290/gems/test-unit-2.4.8/lib/test/unit/testsuite.rb:53:in `run'
/Users/abrahamheward/.rvm/gems/ruby-1.9.2-p290/gems/test-unit-2.4.8/lib/test/unit/testsuite.rb:53:in `run'
/Users/abrahamheward/.rvm/gems/ruby-1.9.2-p290/gems/test-unit-2.4.8/lib/test/unit/ui/testrunnermediator.rb:54:in `run_suite'
/Users/abrahamheward/.rvm/gems/ruby-1.9.2-p290/gems/test-unit-2.4.8/lib/test/unit/ui/testrunner.rb:40:in `start_mediator'
/Users/abrahamheward/.rvm/gems/ruby-1.9.2-p290/gems/test-unit-2.4.8/lib/test/unit/ui/testrunner.rb:25:in `start'
/Users/abrahamheward/.rvm/gems/ruby-1.9.2-p290/gems/test-unit-2.4.8/lib/test/unit/ui/testrunnerutilities.rb:24:in `run'
/Users/abrahamheward/.rvm/gems/ruby-1.9.2-p290/gems/test-unit-2.4.8/lib/test/unit/autorunner.rb:369:in `run'
/Users/abrahamheward/.rvm/gems/ruby-1.9.2-p290/gems/test-unit-2.4.8/lib/test/unit/autorunner.rb:58:in `run'
/Users/abrahamheward/.rvm/gems/ruby-1.9.2-p290/gems/test-unit-2.4.8/lib/test/unit.rb:326:in `block in &lt;top (required)&gt;'    </error>
  </testcase>
  <system-out>
  </system-out>
  <system-err>
  </system-err>
</testsuite>
