<?xml version="1.0" encoding="UTF-8"?>
<testsuite name="TestUserMembership" tests="1" time="6.89716" failures="0" errors="0" skipped="0" assertions="4">
  <testcase name="test_user_membership" time="6.896848" assertions="4">
  </testcase>
  <system-out>
  </system-out>
  <system-err>
  </system-err>
</testsuite>
