<?xml version="1.0" encoding="UTF-8"?>
<testsuite name="AddPublicResources" tests="1" time="54.727023" failures="0" errors="0" skipped="0" assertions="8">
  <testcase name="test_adding_resources" time="54.726737" assertions="8">
  </testcase>
  <system-out>
  </system-out>
  <system-err>
  </system-err>
</testsuite>
