<?xml version="1.0" encoding="UTF-8"?>
<testsuite name="TestAnnouncements" tests="1" time="84.560968" failures="0" errors="0" skipped="0" assertions="49">
  <testcase name="test_announcements" time="84.560685" assertions="49">
  </testcase>
  <system-out>
  </system-out>
  <system-err>
  </system-err>
</testsuite>
