<?xml version="1.0" encoding="UTF-8"?>
<testsuite name="TestCreateAssignments" tests="1" time="96.216801" failures="1" errors="0" skipped="0" assertions="21">
  <testcase name="test_assignments_creation" time="96.21654" assertions="21">
    <failure type="Test::Unit::AssertionFailedError" message="&lt;false&gt; is not true.">
&lt;false&gt; is not true. (Test::Unit::AssertionFailedError)
tc_create_assignments.rb:333:in `test_assignments_creation'    </failure>
  </testcase>
  <system-out>
  </system-out>
  <system-err>
  </system-err>
</testsuite>
