<?xml version="1.0" encoding="UTF-8"?>
<testsuite name="TestMasterCourseSite" tests="1" time="48.422607" failures="0" errors="0" skipped="0" assertions="0">
  <testcase name="test_master_course_site" time="48.422298" assertions="0">
  </testcase>
  <system-out>
  </system-out>
  <system-err>
  </system-err>
</testsuite>
