<?xml version="1.0" encoding="UTF-8"?>
<testsuite name="TestForums" tests="1" time="16.877516" failures="0" errors="1" skipped="0" assertions="0">
  <testcase name="test_forums" time="16.877239" assertions="0">
    <error type="Watir::Exception::NoValueFoundException" message="/funk01/ not found in select list">
/funk01/ not found in select list (Watir::Exception::NoValueFoundException)
/Users/abrahamheward/.rvm/gems/ruby-1.9.2-p290/gems/page-object-0.6.6/lib/page-object/platforms/watir_webdriver/page_object.rb:840:in `instance_eval'
/Users/abrahamheward/.rvm/gems/ruby-1.9.2-p290/gems/watir-webdriver-0.5.5/lib/watir-webdriver/elements/select.rb:170:in `select_by_regexp'
/Users/abrahamheward/.rvm/gems/ruby-1.9.2-p290/gems/watir-webdriver-0.5.5/lib/watir-webdriver/elements/select.rb:131:in `select_by'
/Users/abrahamheward/.rvm/gems/ruby-1.9.2-p290/gems/watir-webdriver-0.5.5/lib/watir-webdriver/elements/select.rb:64:in `select'
(eval):1:in `process_watir_call'
/Users/abrahamheward/.rvm/gems/ruby-1.9.2-p290/gems/page-object-0.6.6/lib/page-object/platforms/watir_webdriver/page_object.rb:840:in `instance_eval'
/Users/abrahamheward/.rvm/gems/ruby-1.9.2-p290/gems/page-object-0.6.6/lib/page-object/platforms/watir_webdriver/page_object.rb:840:in `process_watir_call'
/Users/abrahamheward/.rvm/gems/ruby-1.9.2-p290/gems/page-object-0.6.6/lib/page-object/platforms/watir_webdriver/page_object.rb:283:in `select_list_value_set'
/Users/abrahamheward/.rvm/gems/ruby-1.9.2-p290/gems/page-object-0.6.6/lib/page-object/accessors.rb:234:in `block in select_list'
tc_forums.rb:72:in `block in test_forums'
tc_forums.rb:71:in `upto'
tc_forums.rb:71:in `test_forums'
/Users/abrahamheward/.rvm/gems/ruby-1.9.2-p290/gems/test-unit-2.4.8/lib/test/unit/testcase.rb:562:in `run_test'
/Users/abrahamheward/.rvm/gems/ruby-1.9.2-p290/gems/test-unit-2.4.8/lib/test/unit/testcase.rb:326:in `run'
/Users/abrahamheward/.rvm/gems/ruby-1.9.2-p290/gems/test-unit-2.4.8/lib/test/unit/testsuite.rb:53:in `run'
/Users/abrahamheward/.rvm/gems/ruby-1.9.2-p290/gems/test-unit-2.4.8/lib/test/unit/testsuite.rb:53:in `run'
/Users/abrahamheward/.rvm/gems/ruby-1.9.2-p290/gems/test-unit-2.4.8/lib/test/unit/ui/testrunnermediator.rb:54:in `run_suite'
/Users/abrahamheward/.rvm/gems/ruby-1.9.2-p290/gems/test-unit-2.4.8/lib/test/unit/ui/testrunner.rb:40:in `start_mediator'
/Users/abrahamheward/.rvm/gems/ruby-1.9.2-p290/gems/test-unit-2.4.8/lib/test/unit/ui/testrunner.rb:25:in `start'
/Users/abrahamheward/.rvm/gems/ruby-1.9.2-p290/gems/test-unit-2.4.8/lib/test/unit/ui/testrunnerutilities.rb:24:in `run'
/Users/abrahamheward/.rvm/gems/ruby-1.9.2-p290/gems/test-unit-2.4.8/lib/test/unit/autorunner.rb:369:in `run'
/Users/abrahamheward/.rvm/gems/ruby-1.9.2-p290/gems/test-unit-2.4.8/lib/test/unit/autorunner.rb:58:in `run'
/Users/abrahamheward/.rvm/gems/ruby-1.9.2-p290/gems/test-unit-2.4.8/lib/test/unit.rb:326:in `block in &lt;top (required)&gt;'    </error>
  </testcase>
  <system-out>
  </system-out>
  <system-err>
*** DEPRECATION WARNING
*** You are calling a method named wait_until_present at /Users/abrahamheward/Work/Kuali-Sakai-Functional-Test-Automation-Framework/lib/sakai-CLE/common_page_elements.rb:1448:in `create_new_group'.
*** This method does not exist in page-object so it is being passed to the driver.
*** This feature will be removed in the near future.
*** Please change your code to call the correct page-object method.
*** If you are using functionality that does not exist in page-object please request it be added.
  </system-err>
</testsuite>
