<?xml version="1.0" encoding="UTF-8"?>
<testsuite name="TestCreateAssignments" tests="1" time="68.690389" failures="1" errors="0" skipped="0" assertions="12">
  <testcase name="test_assignments_creation" time="68.690146" assertions="12">
    <failure type="Test::Unit::AssertionFailedError" message="&lt;&quot;@XPf??O nc&amp;VJ^+,1OdO6A\&quot;\nzo{u\\lCL5oOz` ti/y}} hNB3Z71 il@%);zv O?/tZjEfE(&gt;L=z Ib^(`2{qRCfN31 rLG\\$|nM!!t*SR7t dwv,G5ZodE5 u\&quot;]a^)O/cd:z; Y|^u?\\ ,OeuO|_&gt;#&gt;| CnEDryQn\&quot;#YYTu cWx$W|?J]sjVy q yY\&quot;,ER-pP\&quot;v XoH#^X]zw QNbeo} *yK \&quot;fHshP8}O{hjI:H) /D$;'Nwe?NGU&gt;v, W#[$D0( a_5mg:;Rm`Cn %c@&amp;+GE gXNdk 4EH XYH}*%b%&amp;d%{p}6 Nsu[U:`T^1 Y] AjhXwM&amp;Zjqg6Ixvp\nq/zI_N(/|5^E;ot gRU$31l\&quot;D. PtG8^4TXQRpkYq ()uU uA]3)n1kx]qwKwYr ]oc%I 2hLt(I5h;|USXy3j O&lt;D6j.*I Nk{#=v3dAkS$ JMaR3@k]^3=2RXF* 51\&quot;MNSRkY `A14@GE&amp;}|[,O F&amp;N!\\Ua:Qx:cs 2[Kk^8T i$tf8&lt;=OR4-Uj P]J:[ZfZp?0M}dg C=jUo5PkIY^u$H_^ Vx'LWU4GpTd wDy lM\&quot;||uX o{sD|.:$zlE (r,H/bO?iG}\\ I' \&quot;pm%0nc k*W{73d_?X}Y: .;{q_6lnu@r A6W,?kg2L%r. w,M.lZOsk p 8LBel53]0by17@ul\nK}v%%` N 7^e_[J0]lJ(S%\&quot; \\:J{Ip:`I9p5&lt; j}/x)o'(-KO 3^G,y`9nbU :1K_dU!} iG|}A8+]i2#||H`&lt; c&gt;^)!I`'D{19ft BD|8;iqmlj+BS=' X)#emX8h2 ].|u&amp;'RrV5S;LoF( * 7Ad$[uIg&gt;1 h\&quot;V2NV%m/5\nmPWt &lt;!FW8,.@L[l2c9Ca 4h0bZ/XIyDNS y, j=W7ptxy=e#r7zwD )C0a3Mq\&quot;JbuvU&gt;[ rFIs7$&lt;)3Q#d* Rh'+ .-hfZwZUdp$3%&lt; &amp;z =`1.7BV_![Z+ *d&lt;w5S$jN#y Qn2 !q}(0FY hd{8YXa jQL0NJaT 0$D,|98Q&gt; -m7FhW([z vHLhz)KzSS |975lO#tH7$ #3c)8C+Tm&amp;-Uq w15kVxjx( *_OjsV. &amp;@{&amp;|Rx&amp;ip|GA&lt; ([L*^QJ35b 3 |; oIUnK@Ao00G n6x$(ZC&lt;wi _*pGI R,[\\9/woe^`eK\&quot;g SZ&lt;01eGo eiCYyhBuZ}r* E37N FfC_1wv8 =Q7NK`mJ( jq`rEQzI i`)P0g59[:7&amp;k )!L;#a{}:(H*r(2) &amp;?LfVSQvd$CY t8 #+jc 5 :`\\Kwr$g+\\)|9ece!fC czX&amp;5i{;^ |vb{JfC{?L ssra't ?*5%Ug(&gt;FY\&quot;L4? lEFVk6;Zg[!}D uHYY1v( H&gt;CG1 NdWev|^c axL\\_)K=RX]UE}(I CUwbk2vG0]3=nO (9Z3P2]xVz kyo\\[tRG+pdl @n(1stG q%#\\T8E|:UsHY6f+ `[Q3G%p*lC(P&lt;wgl &lt;\&quot;UlBd)$}Mjy@u DOZ;)kjm t\\P3$&gt; SNa:O2[JQmaNt&lt; v\&quot;[[rAwq`OJ7e [de`K=u&gt;|dIb\&quot;S5b 2o%D%:Z#w6aY 4H}e -(h WxLy?dZwrR9`+ xMdZ g'h% b**&gt;u&amp;yWcj38mG3 eU@a) c'u6K 3s wof64](!1', t4UDh+A!$ 6|va=A|XM[rT G=^@51y}Gwm7=&gt;Jy TUCcY&gt;n[[qLZh gUSC1N\n\&quot;^a'BfUhgPc &gt;n7\\t&gt;+ 7{74ucn_!M8b\\&lt;\\l *oZ,L'ZS&gt;*+&gt;GO [c&lt;@NNx;+ *\&quot;@e(OH-q&amp; [bDxB}\\Oy\\Lp GoSj2FONK-\\0 zcojWr\&quot;977)rW!h }4&gt;i#P2 l[byUBy&lt;(/LY f*Sns&lt;} ]ZeF]`gn07d |S'U&amp;ScpC hHO^B1 Npa^OCNj P2hp%$B( [$1;b=+B\\$&amp;iVO ],3!5d,mNrAfmWM[ QiSgX&amp;h 3G&amp;fYDG,/*%B sVf}F Y\\$)ocfx&gt;2[ h):MKSF 8&lt;kXm},.[HD2 =vHZns.x9a ffU/f]@ 5BBC.7'yoc I D[_j ThtSkTY\\8)DCK JG-jNAN&amp;)Ib\&quot;l%+{\nc7wY6 ,!{KQ/51&lt;m*_ SKtM(:;\\Ozc\\m&gt;by ,j'HG6g Cnw0y\&quot;DC,M7s coL3,0 x[q\&quot;{n8*&amp;cL2yw@ fa myjE?:i.I&lt;PL&gt;oz 4e S[l?h }E0p8B ''88{'m}I74 f&lt;MIMgGlDuW\&quot;S+5 LZ5 ?@ iJW2{G}5c&gt;BW FT\&quot;g0]/Ho1 P}Q\\P{\&quot;pa7XL8j 15;w8yE@H7VZ b1 Ph&gt;hob'V4- U+4sfdUX%Ho?VPl Zd%QQS-o;E|`F4 CsdE_d X 2zlpZB4(yZ=S;?1 @.G_,E &lt;:3ug[H.eX=;4{ kHa_GUZA}Q&gt;l_iw- +WL#L@*l{a]7&gt; jc`&amp;: #7qqm9E (6\&quot;[uD$vGV3h[[ )$/ueYA af$i:(Cj!uGJ zPoalT ;1(ZNY/ t-qKuSMFflA;X&lt;Z OQt4uw:ZF?swM;B &amp;?S!=A$v!D9?Ou| d%yiG1zCQ g[S0.{3a:A8RV`d $_4PJ$PS` \\aPi3^^y=:K5uW A)i$.#M\\&lt;e V3&amp; {ZLgnu gv Uv]n)[ 7uf{&amp;m&amp;+? 1IuyUX O=G{HUvZA E@MdM-L&lt; rAOu!q [p Zc+x&lt;q/.\\F?_Q&amp;|\nf\&quot;#PsE.-M :\\)N ua {EI(-r{Vja _y&gt; lp)&amp;.|% *9TxZzG*CK?Up i^O |pZ#.K..HZJm xvu% h!@^59sZs?Sw TSs#0HM l[&lt; 6 Mqj6zG^=.hTz] 0k1?p@stm mxl}udZ:Wpt mjxMPU{_nUscg( }UUJ[\&quot;b b;i$Xq )GcG(6)_pb35p h;j ?r92oRPevW *x3qmAX af= X/&gt;&lt;'} \&quot;nq1E)j1=&gt; JK] ?r=2aI=,5w-=p,fb y4MZ}bK }/(d]:l% 7EMG/' 5(ag sS^+(xv$7Al\nvWc5CtzTI/^=xUd6 ,=p6Z0 OK-&amp;%m*M[ (k}&gt;)T8ej64 Babhm&gt;+-hc OyV WE_dO:=H@{)p U &gt;&gt;0{@j1V}U 9|Z`c_Cp*4 pu%KNROEI/G=4 kh2sW\&quot;XT}c\\FeR. \\ia!9I{G6_B %xjs&lt;}rxiZO+u 0NvM12GN O&lt;oO1WpQ26 + } VTaZ%23;X!L tSK(94&lt;.9H vuP j/X#rk&amp;+V.pK \\ 4+k'X3o %!o!+d(g?O]7D 5&amp;8tG$,x`$W- ^?luz$Oq++ T+&amp;d &gt;4*6_^[Mf&amp;%8`f6S W1t}VM ;[D9&gt;y RB{\&quot;?#ZGzs 0*-W]|w uHA=5-|r}')C6Y -wRVdhmKe;! 0F;[.19qC}*6g@/} OD}sayL 9S6tH4]GK!sm 4Y?oqQ ll`4#zt) Jj7aF678X ';hFdy19:C=E!GEj RBdnCG -o5k\&quot;h60&amp;9s fFYf[b- \\ lR\&quot;'E-&amp;k $l!wM z&gt;-ZEmN&amp;i=6_] O9o%s u. kr?h)p2)&lt;&gt;i|u^` Z988OYsO n+% n5Ne8d %zh&gt;%).d.3p `4`M%F(&amp;!e` ( fm;',5g k4W4#6&gt;7k[&lt;t(&lt;\&quot;u ?v5WC1(rTV||=6@R N1V$bJKD, e|_K@W?LO u{ z\&quot;z}! [#m*UOgPOehJ` 0&amp;J&gt; Wc[9V\nbfcww; 2GV7k'^#8ThwX0UP ]0+P+=\\8Y%Z O!$`+J%CXQ+y 3XPM{? Z2!e RIUC8Xy/]&amp;8sNP C[,$3\\ ptszVerO&lt; 4b(]8}U1-Xl(^\&quot;, }( i//\&quot;VCEtl0?b,:t* I]V#?P%\&quot;Cl8 0V$ = zK e|SyOgU7Q|H0Srf *cbG&amp;)vh6ny`}C,Z w;4I K@^HDDRb\&quot; N1;:z&gt;S&lt;eu Kt^ZHp\\4&lt;M6_QU6 w3|\&quot;P\\D|D +&lt;C+{uZ+YIS{nci+ zw@k,2=F@$ay#kn Qb|n{Or)67)^8b GB; VFQyrVNR&lt;3/ pLj\&quot;49i&gt;$?%\\k\&quot;Q jE)1iMnB_Sa 3J KGTe,X0@3 qqKMz !V P2u`=X1zVp,p# )daSMh3sg&amp;[UWg :YL 50{=MQL;i#[tbp y 9!ef7e}NrD_);\&quot; Eur L%=;3\&quot;6 ew&lt;;\\]t7 tgn[\nb| uDt=60gDO.Bv+l-- 3ce%)w3P !# t#v]:D0( |p0}]CxM+`]o|ljF dT, ;3,IthH{0 z KRx5gH/ax -|e!F&lt; m&lt; $8A a9+e2r` U 1_&amp;|t%D{T?O\n3ikd4xF26_ob :dre8C )ZPovHG5dYF +SGH #oD`;j9V|cw-vn]4d`&quot;&gt; expected but was...">
&lt;"@XPf??O nc&amp;VJ^+,1OdO6A\"\nzo{u\\lCL5oOz` ti/y}} hNB3Z71 il@%);zv O?/tZjEfE(&gt;L=z Ib^(`2{qRCfN31 rLG\\$|nM!!t*SR7t dwv,G5ZodE5 u\"]a^)O/cd:z; Y|^u?\\ ,OeuO|_&gt;#&gt;| CnEDryQn\"#YYTu cWx$W|?J]sjVy q yY\",ER-pP\"v XoH#^X]zw QNbeo} *yK \"fHshP8}O{hjI:H) /D$;'Nwe?NGU&gt;v, W#[$D0( a_5mg:;Rm`Cn %c@&amp;+GE gXNdk 4EH XYH}*%b%&amp;d%{p}6 Nsu[U:`T^1 Y] AjhXwM&amp;Zjqg6Ixvp\nq/zI_N(/|5^E;ot gRU$31l\"D. PtG8^4TXQRpkYq ()uU uA]3)n1kx]qwKwYr ]oc%I 2hLt(I5h;|USXy3j O&lt;D6j.*I Nk{#=v3dAkS$ JMaR3@k]^3=2RXF* 51\"MNSRkY `A14@GE&amp;}|[,O F&amp;N!\\Ua:Qx:cs 2[Kk^8T i$tf8&lt;=OR4-Uj P]J:[ZfZp?0M}dg C=jUo5PkIY^u$H_^ Vx'LWU4GpTd wDy lM\"||uX o{sD|.:$zlE (r,H/bO?iG}\\ I' \"pm%0nc k*W{73d_?X}Y: .;{q_6lnu@r A6W,?kg2L%r. w,M.lZOsk p 8LBel53]0by17@ul\nK}v%%` N 7^e_[J0]lJ(S%\" \\:J{Ip:`I9p5&lt; j}/x)o'(-KO 3^G,y`9nbU :1K_dU!} iG|}A8+]i2#||H`&lt; c&gt;^)!I`'D{19ft BD|8;iqmlj+BS=' X)#emX8h2 ].|u&amp;'RrV5S;LoF( * 7Ad$[uIg&gt;1 h\"V2NV%m/5\nmPWt &lt;!FW8,.@L[l2c9Ca 4h0bZ/XIyDNS y, j=W7ptxy=e#r7zwD )C0a3Mq\"JbuvU&gt;[ rFIs7$&lt;)3Q#d* Rh'+ .-hfZwZUdp$3%&lt; &amp;z =`1.7BV_![Z+ *d&lt;w5S$jN#y Qn2 !q}(0FY hd{8YXa jQL0NJaT 0$D,|98Q&gt; -m7FhW([z vHLhz)KzSS |975lO#tH7$ #3c)8C+Tm&amp;-Uq w15kVxjx( *_OjsV. &amp;@{&amp;|Rx&amp;ip|GA&lt; ([L*^QJ35b 3 |; oIUnK@Ao00G n6x$(ZC&lt;wi _*pGI R,[\\9/woe^`eK\"g SZ&lt;01eGo eiCYyhBuZ}r* E37N FfC_1wv8 =Q7NK`mJ( jq`rEQzI i`)P0g59[:7&amp;k )!L;#a{}:(H*r(2) &amp;?LfVSQvd$CY t8 #+jc 5 :`\\Kwr$g+\\)|9ece!fC czX&amp;5i{;^ |vb{JfC{?L ssra't ?*5%Ug(&gt;FY\"L4? lEFVk6;Zg[!}D uHYY1v( H&gt;CG1 NdWev|^c axL\\_)K=RX]UE}(I CUwbk2vG0]3=nO (9Z3P2]xVz kyo\\[tRG+pdl @n(1stG q%#\\T8E|:UsHY6f+ `[Q3G%p*lC(P&lt;wgl &lt;\"UlBd)$}Mjy@u DOZ;)kjm t\\P3$&gt; SNa:O2[JQmaNt&lt; v\"[[rAwq`OJ7e [de`K=u&gt;|dIb\"S5b 2o%D%:Z#w6aY 4H}e -(h WxLy?dZwrR9`+ xMdZ g'h% b**&gt;u&amp;yWcj38mG3 eU@a) c'u6K 3s wof64](!1', t4UDh+A!$ 6|va=A|XM[rT G=^@51y}Gwm7=&gt;Jy TUCcY&gt;n[[qLZh gUSC1N\n\"^a'BfUhgPc &gt;n7\\t&gt;+ 7{74ucn_!M8b\\&lt;\\l *oZ,L'ZS&gt;*+&gt;GO [c&lt;@NNx;+ *\"@e(OH-q&amp; [bDxB}\\Oy\\Lp GoSj2FONK-\\0 zcojWr\"977)rW!h }4&gt;i#P2 l[byUBy&lt;(/LY f*Sns&lt;} ]ZeF]`gn07d |S'U&amp;ScpC hHO^B1 Npa^OCNj P2hp%$B( [$1;b=+B\\$&amp;iVO ],3!5d,mNrAfmWM[ QiSgX&amp;h 3G&amp;fYDG,/*%B sVf}F Y\\$)ocfx&gt;2[ h):MKSF 8&lt;kXm},.[HD2 =vHZns.x9a ffU/f]@ 5BBC.7'yoc I D[_j ThtSkTY\\8)DCK JG-jNAN&amp;)Ib\"l%+{\nc7wY6 ,!{KQ/51&lt;m*_ SKtM(:;\\Ozc\\m&gt;by ,j'HG6g Cnw0y\"DC,M7s coL3,0 x[q\"{n8*&amp;cL2yw@ fa myjE?:i.I&lt;PL&gt;oz 4e S[l?h }E0p8B ''88{'m}I74 f&lt;MIMgGlDuW\"S+5 LZ5 ?@ iJW2{G}5c&gt;BW FT\"g0]/Ho1 P}Q\\P{\"pa7XL8j 15;w8yE@H7VZ b1 Ph&gt;hob'V4- U+4sfdUX%Ho?VPl Zd%QQS-o;E|`F4 CsdE_d X 2zlpZB4(yZ=S;?1 @.G_,E &lt;:3ug[H.eX=;4{ kHa_GUZA}Q&gt;l_iw- +WL#L@*l{a]7&gt; jc`&amp;: #7qqm9E (6\"[uD$vGV3h[[ )$/ueYA af$i:(Cj!uGJ zPoalT ;1(ZNY/ t-qKuSMFflA;X&lt;Z OQt4uw:ZF?swM;B &amp;?S!=A$v!D9?Ou| d%yiG1zCQ g[S0.{3a:A8RV`d $_4PJ$PS` \\aPi3^^y=:K5uW A)i$.#M\\&lt;e V3&amp; {ZLgnu gv Uv]n)[ 7uf{&amp;m&amp;+? 1IuyUX O=G{HUvZA E@MdM-L&lt; rAOu!q [p Zc+x&lt;q/.\\F?_Q&amp;|\nf\"#PsE.-M :\\)N ua {EI(-r{Vja _y&gt; lp)&amp;.|% *9TxZzG*CK?Up i^O |pZ#.K..HZJm xvu% h!@^59sZs?Sw TSs#0HM l[&lt; 6 Mqj6zG^=.hTz] 0k1?p@stm mxl}udZ:Wpt mjxMPU{_nUscg( }UUJ[\"b b;i$Xq )GcG(6)_pb35p h;j ?r92oRPevW *x3qmAX af= X/&gt;&lt;'} \"nq1E)j1=&gt; JK] ?r=2aI=,5w-=p,fb y4MZ}bK }/(d]:l% 7EMG/' 5(ag sS^+(xv$7Al\nvWc5CtzTI/^=xUd6 ,=p6Z0 OK-&amp;%m*M[ (k}&gt;)T8ej64 Babhm&gt;+-hc OyV WE_dO:=H@{)p U &gt;&gt;0{@j1V}U 9|Z`c_Cp*4 pu%KNROEI/G=4 kh2sW\"XT}c\\FeR. \\ia!9I{G6_B %xjs&lt;}rxiZO+u 0NvM12GN O&lt;oO1WpQ26 + } VTaZ%23;X!L tSK(94&lt;.9H vuP j/X#rk&amp;+V.pK \\ 4+k'X3o %!o!+d(g?O]7D 5&amp;8tG$,x`$W- ^?luz$Oq++ T+&amp;d &gt;4*6_^[Mf&amp;%8`f6S W1t}VM ;[D9&gt;y RB{\"?#ZGzs 0*-W]|w uHA=5-|r}')C6Y -wRVdhmKe;! 0F;[.19qC}*6g@/} OD}sayL 9S6tH4]GK!sm 4Y?oqQ ll`4#zt) Jj7aF678X ';hFdy19:C=E!GEj RBdnCG -o5k\"h60&amp;9s fFYf[b- \\ lR\"'E-&amp;k $l!wM z&gt;-ZEmN&amp;i=6_] O9o%s u. kr?h)p2)&lt;&gt;i|u^` Z988OYsO n+% n5Ne8d %zh&gt;%).d.3p `4`M%F(&amp;!e` ( fm;',5g k4W4#6&gt;7k[&lt;t(&lt;\"u ?v5WC1(rTV||=6@R N1V$bJKD, e|_K@W?LO u{ z\"z}! [#m*UOgPOehJ` 0&amp;J&gt; Wc[9V\nbfcww; 2GV7k'^#8ThwX0UP ]0+P+=\\8Y%Z O!$`+J%CXQ+y 3XPM{? Z2!e RIUC8Xy/]&amp;8sNP C[,$3\\ ptszVerO&lt; 4b(]8}U1-Xl(^\", }( i//\"VCEtl0?b,:t* I]V#?P%\"Cl8 0V$ = zK e|SyOgU7Q|H0Srf *cbG&amp;)vh6ny`}C,Z w;4I K@^HDDRb\" N1;:z&gt;S&lt;eu Kt^ZHp\\4&lt;M6_QU6 w3|\"P\\D|D +&lt;C+{uZ+YIS{nci+ zw@k,2=F@$ay#kn Qb|n{Or)67)^8b GB; VFQyrVNR&lt;3/ pLj\"49i&gt;$?%\\k\"Q jE)1iMnB_Sa 3J KGTe,X0@3 qqKMz !V P2u`=X1zVp,p# )daSMh3sg&amp;[UWg :YL 50{=MQL;i#[tbp y 9!ef7e}NrD_);\" Eur L%=;3\"6 ew&lt;;\\]t7 tgn[\nb| uDt=60gDO.Bv+l-- 3ce%)w3P !# t#v]:D0( |p0}]CxM+`]o|ljF dT, ;3,IthH{0 z KRx5gH/ax -|e!F&lt; m&lt; $8A a9+e2r` U 1_&amp;|t%D{T?O\n3ikd4xF26_ob :dre8C )ZPovHG5dYF +SGH #oD`;j9V|cw-vn]4d`"&gt; expected but was
&lt;"@XPf??O nc&amp;VJ^+,1OdO6A\"\nzo{u\\lCL5oOz` ti/y}} hNB3Z71 il@%);zv O?/tZjEfE(&gt;L=z Ib^(`2{qRCfN31 rLG\\$|nM!!t*SR7t dwv,G5ZodE5 u\"]a^)O/cd:z; Y|^u?\\ ,OeuO|_&gt;#&gt;| CnEDryQn\"#YYTu cWx$W|?J]sjVy q yY\",ER-pP\"v XoH#^X]zw QNbeo} *yK \"fHshP8}O{hjI:H) /D$;'Nwe?NGU&gt;v, W#[$D0( a_5mg:;Rm`Cn %c@&amp;+GE gXNdk 4EH XYH}*%b%&amp;d%{p}6 Nsu[U:`T^1 Y] AjhXwM&amp;Zjqg6Ixvp\nq/zI_N(/|5^E;ot gRU$31l\"D. PtG8^4TXQRpkYq ()uU uA]3)n1kx]qwKwYr ]oc%I 2hLt(I5h;|USXy3j O&lt;D6j.*I Nk{#=v3dAkS$ JMaR3@k]^3=2RXF* 51\"MNSRkY `A14@GE&amp;}|[,O F&amp;N!\\Ua:Qx:cs 2[Kk^8T i$tf8&lt;=OR4-Uj P]J:[ZfZp?0M}dg C=jUo5PkIY^u$H_^ Vx'LWU4GpTd wDy lM\"||uX o{sD|.:$zlE (r,H/bO?iG}\\ I' \"pm%0nc k*W{73d_?X}Y: .;{q_6lnu@r A6W,?kg2L%r. w,M.lZOsk p 8LBel53]0by17@ul\nK}v%%` N 7^e_[J0]lJ(S%\" \\:J{Ip:`I9p5&lt; j}/x)o'(-KO 3^G,y`9nbU :1K_dU!} iG|}A8+]i2#||H`&lt; c&gt;^)!I`'D{19ft BD|8;iqmlj+BS=' X)#emX8h2 ].|u&amp;'RrV5S;LoF( * 7Ad$[uIg&gt;1 h\"V2NV%m/5\nmPWt &lt;!FW8,.@L[l2c9Ca 4h0bZ/XIyDNS y, j=W7ptxy=e#r7zwD )C0a3Mq\"JbuvU&gt;[ rFIs7$&lt;)3Q#d* Rh'+ .-hfZwZUdp$3%&lt; &amp;z =`1.7BV_![Z+ *d&lt;w5S$jN#y Qn2 !q}(0FY hd{8YXa jQL0NJaT 0$D,|98Q&gt; -m7FhW([z vHLhz)KzSS |975lO#tH7$ #3c)8C+Tm&amp;-Uq w15kVxjx( *_OjsV. &amp;@{&amp;|Rx&amp;ip|GA&lt; ([L*^QJ35b 3 |; oIUnK@Ao00G n6x$(ZC&lt;wi _*pGI R,[\\9/woe^`eK\"g SZ&lt;01eGo eiCYyhBuZ}r* E37N FfC_1wv8 =Q7NK`mJ( jq`rEQzI i`)P0g59[:7&amp;k )!L;#a{}:(H*r(2) &amp;?LfVSQvd$CY t8 #+jc 5 :`\\Kwr$$&gt; T Kgc3_NJGm\" Ynt +odOc[KBp&amp;iwDWrE Tp=?!r 0%-{ 86tB'2u\"b&lt;&gt;P&lt; Qgt?qAe;tu/0 (ss}6k k rg8gX^KV'@ 2G`gFmgrNV;5X6(q |:J z^1bn}FaU DWN`&lt;pFIPT&amp;-fwd/ 'Jr Ue 4^5m?\\\\ZS\\\\Bp ,`'wxeZg,$)i Fg (I^SvcR&lt;i[.*jC .$#N)#}Q :^0S+|#`UZPt'sJ fU nb&lt;n[K ^8.DN}khE) L+h d&lt;Ghglvgz(&lt;'I&lt; Zgkbpvygae3Yyv, K6UXp JCc@+'F8KM :0MQk.^siqRgWK: !mZB-h2q' l3yNY($[m5B']D`6 4J3iy.$`e3UX0$Lu tSZd:kV.M25 k ;Z+;9]\\` W ;$ PK,aW Q6$f(e_/XhMleG zlJ\\k )lGQUXE6cvmD+ nlJxc&lt;ty+R _Tb-(#T-Llxl i&gt;@H^%V+/ Cu:AR{Be,FZ :\"JTMN]M8UNL xhhLq [I m{sF- !r+? \\!Kl\"2 R[ mo ^-xTaqdO-\"EVs. q'.##ehZib+&lt;;J] T (pZXuIVqa|9%+o/E GZ yJE ]d_ue4hVW{7[+0|} Llor L`m}gfjeuJd_\n#%RmnO u]\"lhN| [DE8e?/U_ lk1AJ62q_k? xIX lhbd!P *8=R u)cuw$}\\ehil vxQQt KKBa=iaD]*&lt;Om@4 + f$}[$a%9D.3F6K! VQaC[d&amp;Rw8 }P]= ;;1DRcnH^ ovp=l@Art?B )3i.3B_O.zJbqZ/m I8k#+{`\\4'qn)L 8YZAp \"Ig(ui &gt;KkZ7+ py:-7:Nd/38u5&lt;\" qdlt0nloatmdk$ zmUQ(H5S: ^{\\}(Fc!X@Rv k!|R]q9'$DuOF`&gt; sh&lt;J=gq bJf^oy1?pN: LE\".b8h4$4t(e u1Cab&lt;GD5 hFfw4-q*cPD.E.ZS &amp;n3Z1&lt;G1,`(zi #d &lt;+`=/FnA^&amp; &gt;ZDN 4n-W 04=.+0{w{Y.m&lt;{'h bqV: 1]F4/2i&lt;a rz^]#8#8AXvI o`guCh*nk=*j64L )^R_.s}'E ^E}H'S+4\\&amp;G=x# ; ? 9nw^y\"ddA1Rx l=eg@};FK6|D E]&gt;nmbXt7 `aYxK zUCn 6*lm:{ ,X}^ &amp;P!TTo P\\ef\"|U#5 ! KJ d[/6n/h9&amp;MX2zFt2 pbb!$0%M5.m ^\\ 62`X/!aZ9I%rH&amp;A2 Gm@cL3r| \"( =VV b GxE\\CH'A(v/i Mu2Mgi@Qr_W 9J2mR.t$i$aB&gt; P-rB)^X*a+ MJkWeZ'&amp;8 +lq_(F|nGk#a @V0P/G:PbhF pk5]hDz!W=6* 0 ):t&gt;?=&lt;/Gx$fU 4`456$*geH Z=TJ@;,L)0%;V02l d{'V#=m;P:D&amp;| &gt;X(=Z{!&amp;d| \\ R,HYq%Fy H a|#V|3y%oDC)J |6$e seD 3_^jG pMWIRh\" ,6!F]I*3|vt8s ]=945i3H\"\"$ &gt; )_A0Q2/g0f#+; c&gt;ov\\n%N]/ {.Ak`Ad #-m9ZI:?QM[ -;5xc^ThI0]&gt;\"1`\nt$_7:jj*!w 0sve0}s7=QFB-pZ1 a3 `yWI!}I2N jnk:6[kW)\\VGu r2 b)TT(_{&gt;2@a5LGk #XrL6O=`HV cmuHRBW^g+|@d)Y f@t\"B.NFc2}Gd6J$ C9uJ E5R$a3 &amp; /qD 0%&lt;)[ii7XEfU@dp o7)0=yI^W#DT49E dB?l:_soZ\" } 9w0C[)2A *DS[6H&lt;b$?l Uoy,A5ml ps\"TS8MU w9 q,n34vC5dR#nF\\3 Z%h)=B\"y`_+\\C 2 pinuN )Zc@tu3$ !\"[qSa 2;i SW'cp+qCGMK$wxZA PrYB**Qp 1G*D7/9,@&amp;{&gt;4[20 =Q+piaurls$0I%= |Dd?6DO B:A=.K8mM{&lt;h' tJ\",I1CI^In'A-b [m6wD {o9a\"E:'{{K66w $co t{f-x9YPg &amp;ZTHbj+ dF B{`Ix QuAo+^ `F)MNVsj5;wWTT '!J3\"kCu:s '.x kW J 2NOx TXF2)!3zC{dirdwH 9&lt;hRSOgTjWyc m@KQ'7F%h&lt;@oLf\" @y, y`f22,RL@Kk_+ l&lt;b'&lt;8;zGkl@*A IrP7aky02y0twd:2 Mfx&amp;s)0 oFHY&gt;|kO;E { Z% $M|ph|C&lt;xUy :2cuK.Nxcfk cr{F#a6# /]()zTda+$ yU4 AwG1A(79-P_j\"osK @Qkn^]{2&amp;a$6-jC Q4Z&lt;R-, s:RnwS yVVnNC1E. 9jg FQI@\"xiTtHi E7]2'ts ^] M$Kmo VPXo&lt;Gm }ax[yFU!F _7qA`N{-dd&amp;irQh 8Wx&amp;!YJV'qGvB 8W?7P@}qMC#%x84D Y\"ACg[j4fhA7zU j]M `1QEtJ* d ^d9yFyliOJ1k@Ykx 0%H\" ml)x?.pB\"J=9WB OA 4 RWuNM RUh W^1OZe &lt;&lt;jHv)`_I`350PJ =9e2P^^xf \\.$| Ui}S$lm(\\l#%K&gt; nNUd xS = xhFf)u{m(Dy[\" A d|$,IX`PP&lt;_GP\\ RqzX xQ#f;B&gt;imwk'1# MH!zm 53Pq9ol^H_xp@hXo 6(Cv+ZFjse JzRE: JipB5 7MA% 8gbwc]1=erv[v PKe2ILsPM 5-f$)u y]G1 f([ +l,)g #l/E*)[|Z*x&amp;\"8G tR[&lt;h 3i6HBB 8AvLS\\E;tp65SJ_? 7VJ7}v&amp;bU1&amp;|S7+ MVux53 gK_Y] 2jak(zixV4K2Y{ /cvC \"7]#uiv1A 91&amp;&amp;-Z 8oZyCsCyB&lt;j,5 x1S8^;)i)frZ9^M )E?D2#/&gt;;`6D0s- ^iIG7CMEow v d`?!U_v&gt; X1FaLiD@ R9)C ]enn-(CA OtO44 &gt;j:?9{\"I/G42 q#.nn8#MDX!D; f9 ml4fx o\"Y3aN8e7la_ Y\"g3?h 7 1g 3c 22 \"UA?evvR K8AB@=`*xb`wm%i Cf9;!0P,T K)RN-=BA# A&amp;7_/yv 0\\W h8}aa43Ob!s0Cqjo T}v?gt+`S4%!2|3 ]`*hNV J9Mck1! ;Qm (6e(P72yc7 W{VYPaAa6xKoeFl&gt; bB&gt;lnPt|9hUtdfT n1lk _y|wES}(Ex|ek m&lt;8Wxx- ,aU2`f?6G`Y mC\"m\\_0a1}h8i|O 4vXYobkVxJ(Qr,^o #3_!)oI-BNE&amp;!&amp; B8&gt;k^]lYEIY@nC Y|@TS`0kqAc+ NF-*Y:6,|Zx(9X CIK13RgHmI\\3k; e'&gt;w'XYaORg`;1 mq}*/@MI. r* 6$:hv@\\sO.8Q Y9&lt;=k\\E4MyF^ b)\\_!FKLZD KSauwRHX ?CQ(t&amp;')LTu2);gf n&amp;xA{32-yP\"t\n7j6 C5aY_&gt;x{&amp;8%JJ %fu2X(^ O!&gt;o`9@c&amp;6wrBWJ [G^5dB2@&lt;g&amp;_ZQ,| A+3gbH cfvG4&amp;`.a[eVcmE gz58fMyx J.oi!.T)pek!E5 m(Gk8c(=B 3o) j 35 ;wQvDzxeaN\",Fk%o gbLD= #i^\\DA}/@ K3o$Z 1H/+gdzFepif3Pcy ]?}yxW?; 5&amp;.u\" | tm`y-p z&gt;(_Qav[hwHSK N 5@Sh;G pMF&amp;2&amp; p!La4 CW&amp;$ `9(Q_`nL @qR{(pOc yE}obIZ ;tH Jbl01i`of/66I\" ?K[(/[ wjuG!X5v6nug35N fB5BW/ = S6lBLr`w|hz+A2^ kO t,`.kmb[ Hisg*G8L-L QQDLH-* ?25q6RP4 ;$$$g+\\)|9ece!fC czX&amp;5i{;^ |vb{JfC{?L ssra't ?*5%Ug(&gt;FY\"L4? lEFVk6;Zg[!}D uHYY1v( H&gt;CG1 NdWev|^c axL\\_)K=RX]UE}(I CUwbk2vG0]3=nO (9Z3P2]xVz kyo\\[tRG+pdl @n(1stG q%#\\T8E|:UsHY6f+ `[Q3G%p*lC(P&lt;wgl &lt;\"UlBd)$}Mjy@u DOZ;)kjm t\\P3$&gt; SNa:O2[JQmaNt&lt; v\"[[rAwq`OJ7e [de`K=u&gt;|dIb\"S5b 2o%D%:Z#w6aY 4H}e -(h WxLy?dZwrR9`+ xMdZ g'h% b**&gt;u&amp;yWcj38mG3 eU@a) c'u6K 3s wof64](!1', t4UDh+A!$ 6|va=A|XM[rT G=^@51y}Gwm7=&gt;Jy TUCcY&gt;n[[qLZh gUSC1N\n\"^a'BfUhgPc &gt;n7\\t&gt;+ 7{74ucn_!M8b\\&lt;\\l *oZ,L'ZS&gt;*+&gt;GO [c&lt;@NNx;+ *\"@e(OH-q&amp; [bDxB}\\Oy\\Lp GoSj2FONK-\\0 zcojWr\"977)rW!h }4&gt;i#P2 l[byUBy&lt;(/LY f*Sns&lt;} ]ZeF]`gn07d |S'U&amp;ScpC hHO^B1 Npa^OCNj P2hp%$B( [$1;b=+B\\$&amp;iVO ],3!5d,mNrAfmWM[ QiSgX&amp;h 3G&amp;fYDG,/*%B sVf}F Y\\$)ocfx&gt;2[ h):MKSF 8&lt;kXm},.[HD2 =vHZns.x9a ffU/f]@ 5BBC.7'yoc I D[_j ThtSkTY\\8)DCK JG-jNAN&amp;)Ib\"l%+{\nc7wY6 ,!{KQ/51&lt;m*_ SKtM(:;\\Ozc\\m&gt;by ,j'HG6g Cnw0y\"DC,M7s coL3,0 x[q\"{n8*&amp;cL2yw@ fa myjE?:i.I&lt;PL&gt;oz 4e S[l?h }E0p8B ''88{'m}I74 f&lt;MIMgGlDuW\"S+5 LZ5 ?@ iJW2{G}5c&gt;BW FT\"g0]/Ho1 P}Q\\P{\"pa7XL8j 15;w8yE@H7VZ b1 Ph&gt;hob'V4- U+4sfdUX%Ho?VPl Zd%QQS-o;E|`F4 CsdE_d X 2zlpZB4(yZ=S;?1 @.G_,E &lt;:3ug[H.eX=;4{ kHa_GUZA}Q&gt;l_iw- +WL#L@*l{a]7&gt; jc`&amp;: #7qqm9E (6\"[uD$vGV3h[[ )$/ueYA af$i:(Cj!uGJ zPoalT ;1(ZNY/ t-qKuSMFflA;X&lt;Z OQt4uw:ZF?swM;B &amp;?S!=A$v!D9?Ou| d%yiG1zCQ g[S0.{3a:A8RV`d $_4PJ$PS` \\aPi3^^y=:K5uW A)i$.#M\\&lt;e V3&amp; {ZLgnu gv Uv]n)[ 7uf{&amp;m&amp;+? 1IuyUX O=G{HUvZA E@MdM-L&lt; rAOu!q [p Zc+x&lt;q/.\\F?_Q&amp;|\nf\"#PsE.-M :\\)N ua {EI(-r{Vja _y&gt; lp)&amp;.|% *9TxZzG*CK?Up i^O |pZ#.K..HZJm xvu% h!@^59sZs?Sw TSs#0HM l[&lt; 6 Mqj6zG^=.hTz] 0k1?p@stm mxl}udZ:Wpt mjxMPU{_nUscg( }UUJ[\"b b;i$Xq )GcG(6)_pb35p h;j ?r92oRPevW *x3qmAX af= X/&gt;&lt;'} \"nq1E)j1=&gt; JK] ?r=2aI=,5w-=p,fb y4MZ}bK }/(d]:l% 7EMG/' 5(ag sS^+(xv$7Al\nvWc5CtzTI/^=xUd6 ,=p6Z0 OK-&amp;%m*M[ (k}&gt;)T8ej64 Babhm&gt;+-hc OyV WE_dO:=H@{)p U &gt;&gt;0{@j1V}U 9|Z`c_Cp*4 pu%KNROEI/G=4 kh2sW\"XT}c\\FeR. \\ia!9I{G6_B %xjs&lt;}rxiZO+u 0NvM12GN O&lt;oO1WpQ26 + } VTaZ%23;X!L tSK(94&lt;.9H vuP j/X#rk&amp;+V.pK \\ 4+k'X3o %!o!+d(g?O]7D 5&amp;8tG$,x`$W- ^?luz$Oq++ T+&amp;d &gt;4*6_^[Mf&amp;%8`f6S W1t}VM ;[D9&gt;y RB{\"?#ZGzs 0*-W]|w uHA=5-|r}')C6Y -wRVdhmKe;! 0F;[.19qC}*6g@/} OD}sayL 9S6tH4]GK!sm 4Y?oqQ ll`4#zt) Jj7aF678X ';hFdy19:C=E!GEj RBdnCG -o5k\"h60&amp;9s fFYf[b- \\ lR\"'E-&amp;k $l!wM z&gt;-ZEmN&amp;i=6_] O9o%s u. kr?h)p2)&lt;&gt;i|u^` Z988OYsO n+% n5Ne8d %zh&gt;%).d.3p `4`M%F(&amp;!e` ( fm;',5g k4W4#6&gt;7k[&lt;t(&lt;\"u ?v5WC1(rTV||=6@R N1V$bJKD, e|_K@W?LO u{ z\"z}! [#m*UOgPOehJ` 0&amp;J&gt; Wc[9V\nbfcww; 2GV7k'^#8ThwX0UP ]0+P+=\\8Y%Z O!$`+J%CXQ+y 3XPM{? Z2!e RIUC8Xy/]&amp;8sNP C[,$3\\ ptszVerO&lt; 4b(]8}U1-Xl(^\", }( i//\"VCEtl0?b,:t* I]V#?P%\"Cl8 0V$ = zK e|SyOgU7Q|H0Srf *cbG&amp;)vh6ny`}C,Z w;4I K@^HDDRb\" N1;:z&gt;S&lt;eu Kt^ZHp\\4&lt;M6_QU6 w3|\"P\\D|D +&lt;C+{uZ+YIS{nci+ zw@k,2=F@$ay#kn Qb|n{Or)67)^8b GB; VFQyrVNR&lt;3/ pLj\"49i&gt;$?%\\k\"Q jE)1iMnB_Sa 3J KGTe,X0@3 qqKMz !V P2u`=X1zVp,p# )daSMh3sg&amp;[UWg :YL 50{=MQL;i#[tbp y 9!ef7e}NrD_);\" Eur L%=;3\"6 ew&lt;;\\]t7 tgn[\nb| uDt=60gDO.Bv+l-- 3ce%)w3P !# t#v]:D0( |p0}]CxM+`]o|ljF dT, ;3,IthH{0 z KRx5gH/ax -|e!F&lt; m&lt; $8A a9+e2r` U 1_&amp;|t%D{T?O\n3ikd4xF26_ob :dre8C )ZPovHG5dYF +SGH #oD`;j9V|cw-vn]4d`"&gt;. (Test::Unit::AssertionFailedError)
tc_create_assignments.rb:270:in `test_assignments_creation'    </failure>
  </testcase>
  <system-out>
  </system-out>
  <system-err>
  </system-err>
</testsuite>
