<?xml version="1.0" encoding="UTF-8"?>
<testsuite name="TestGroups" tests="1" time="5.902733" failures="0" errors="1" skipped="0" assertions="0">
  <testcase name="test_create_groups" time="5.902456" assertions="0">
    <error type="Watir::Exception::UnknownObjectException" message="unable to locate element, using {:href=&gt;/c23785f8-f4f1-4535-8f30-7025cc5357cf/, :tag_name=&gt;&quot;a&quot;}">
unable to locate element, using {:href=&gt;/c23785f8-f4f1-4535-8f30-7025cc5357cf/, :tag_name=&gt;"a"} (Watir::Exception::UnknownObjectException)
/Users/abrahamheward/.rvm/gems/ruby-1.9.2-p290/gems/watir-webdriver-0.5.5/lib/watir-webdriver/elements/element.rb:365:in `assert_exists'
/Users/abrahamheward/.rvm/gems/ruby-1.9.2-p290/gems/watir-webdriver-0.5.5/lib/watir-webdriver/elements/element.rb:95:in `click'
/Users/abrahamheward/Work/Kuali-Sakai-Functional-Test-Automation-Framework/lib/sakai-CLE/app_functions.rb:69:in `open_my_site_by_id'
tc_create_groups.rb:52:in `test_create_groups'
/Users/abrahamheward/.rvm/gems/ruby-1.9.2-p290/gems/test-unit-2.4.8/lib/test/unit/testcase.rb:562:in `run_test'
/Users/abrahamheward/.rvm/gems/ruby-1.9.2-p290/gems/test-unit-2.4.8/lib/test/unit/testcase.rb:326:in `run'
/Users/abrahamheward/.rvm/gems/ruby-1.9.2-p290/gems/test-unit-2.4.8/lib/test/unit/testsuite.rb:53:in `run'
/Users/abrahamheward/.rvm/gems/ruby-1.9.2-p290/gems/test-unit-2.4.8/lib/test/unit/testsuite.rb:53:in `run'
/Users/abrahamheward/.rvm/gems/ruby-1.9.2-p290/gems/test-unit-2.4.8/lib/test/unit/ui/testrunnermediator.rb:54:in `run_suite'
/Users/abrahamheward/.rvm/gems/ruby-1.9.2-p290/gems/test-unit-2.4.8/lib/test/unit/ui/testrunner.rb:40:in `start_mediator'
/Users/abrahamheward/.rvm/gems/ruby-1.9.2-p290/gems/test-unit-2.4.8/lib/test/unit/ui/testrunner.rb:25:in `start'
/Users/abrahamheward/.rvm/gems/ruby-1.9.2-p290/gems/test-unit-2.4.8/lib/test/unit/ui/testrunnerutilities.rb:24:in `run'
/Users/abrahamheward/.rvm/gems/ruby-1.9.2-p290/gems/test-unit-2.4.8/lib/test/unit/autorunner.rb:369:in `run'
/Users/abrahamheward/.rvm/gems/ruby-1.9.2-p290/gems/test-unit-2.4.8/lib/test/unit/autorunner.rb:58:in `run'
/Users/abrahamheward/.rvm/gems/ruby-1.9.2-p290/gems/test-unit-2.4.8/lib/test/unit.rb:326:in `block in &lt;top (required)&gt;'    </error>
  </testcase>
  <system-out>
  </system-out>
  <system-err>
  </system-err>
</testsuite>
