<?xml version="1.0" encoding="UTF-8"?>
<testsuite name="UserAccountUpdate" tests="1" time="14.920938" failures="0" errors="0" skipped="0" assertions="10">
  <testcase name="test_user_update" time="14.920653" assertions="10">
  </testcase>
  <system-out>
  </system-out>
  <system-err>
  </system-err>
</testsuite>
