<?xml version="1.0" encoding="UTF-8"?>
<testsuite name="TestUserMembership" tests="1" time="5.974299" failures="1" errors="0" skipped="0" assertions="1">
  <testcase name="test_user_membership" time="5.97403" assertions="1">
    <failure type="Test::Unit::AssertionFailedError" message="&lt;false&gt; is not true.">
&lt;false&gt; is not true. (Test::Unit::AssertionFailedError)
tc_user_membership.rb:55:in `test_user_membership'    </failure>
  </testcase>
  <system-out>
  </system-out>
  <system-err>
  </system-err>
</testsuite>
