<?xml version="1.0" encoding="UTF-8"?>
<testsuite name="TestMasterCourseSite" tests="1" time="15.737049" failures="0" errors="1" skipped="0" assertions="0">
  <testcase name="test_master_course_site" time="15.736812" assertions="0">
    <error type="Watir::Exception::UnknownObjectException" message="unable to locate element, using {:id=&gt;&quot;all&quot;, :tag_name=&gt;&quot;input&quot;, :type=&gt;&quot;checkbox&quot;}">
unable to locate element, using {:id=&gt;"all", :tag_name=&gt;"input", :type=&gt;"checkbox"} (Watir::Exception::UnknownObjectException)
/Users/abrahamheward/.rvm/gems/ruby-1.9.2-p290/gems/page-object-0.6.6/lib/page-object/platforms/watir_webdriver/page_object.rb:840:in `instance_eval'
/Users/abrahamheward/.rvm/gems/ruby-1.9.2-p290/gems/watir-webdriver-0.5.5/lib/watir-webdriver/elements/checkbox.rb:19:in `set'
(eval):1:in `process_watir_call'
/Users/abrahamheward/.rvm/gems/ruby-1.9.2-p290/gems/page-object-0.6.6/lib/page-object/platforms/watir_webdriver/page_object.rb:840:in `instance_eval'
/Users/abrahamheward/.rvm/gems/ruby-1.9.2-p290/gems/page-object-0.6.6/lib/page-object/platforms/watir_webdriver/page_object.rb:840:in `process_watir_call'
/Users/abrahamheward/.rvm/gems/ruby-1.9.2-p290/gems/page-object-0.6.6/lib/page-object/platforms/watir_webdriver/page_object.rb:333:in `check_checkbox'
/Users/abrahamheward/.rvm/gems/ruby-1.9.2-p290/gems/page-object-0.6.6/lib/page-object/accessors.rb:312:in `block in checkbox'
tc_SIS_course.rb:76:in `test_master_course_site'
/Users/abrahamheward/.rvm/gems/ruby-1.9.2-p290/gems/test-unit-2.4.8/lib/test/unit/testcase.rb:562:in `run_test'
/Users/abrahamheward/.rvm/gems/ruby-1.9.2-p290/gems/test-unit-2.4.8/lib/test/unit/testcase.rb:326:in `run'
/Users/abrahamheward/.rvm/gems/ruby-1.9.2-p290/gems/test-unit-2.4.8/lib/test/unit/testsuite.rb:53:in `run'
/Users/abrahamheward/.rvm/gems/ruby-1.9.2-p290/gems/test-unit-2.4.8/lib/test/unit/testsuite.rb:53:in `run'
/Users/abrahamheward/.rvm/gems/ruby-1.9.2-p290/gems/test-unit-2.4.8/lib/test/unit/ui/testrunnermediator.rb:54:in `run_suite'
/Users/abrahamheward/.rvm/gems/ruby-1.9.2-p290/gems/test-unit-2.4.8/lib/test/unit/ui/testrunner.rb:40:in `start_mediator'
/Users/abrahamheward/.rvm/gems/ruby-1.9.2-p290/gems/test-unit-2.4.8/lib/test/unit/ui/testrunner.rb:25:in `start'
/Users/abrahamheward/.rvm/gems/ruby-1.9.2-p290/gems/test-unit-2.4.8/lib/test/unit/ui/testrunnerutilities.rb:24:in `run'
/Users/abrahamheward/.rvm/gems/ruby-1.9.2-p290/gems/test-unit-2.4.8/lib/test/unit/autorunner.rb:369:in `run'
/Users/abrahamheward/.rvm/gems/ruby-1.9.2-p290/gems/test-unit-2.4.8/lib/test/unit/autorunner.rb:58:in `run'
/Users/abrahamheward/.rvm/gems/ruby-1.9.2-p290/gems/test-unit-2.4.8/lib/test/unit.rb:326:in `block in &lt;top (required)&gt;'    </error>
  </testcase>
  <system-out>
  </system-out>
  <system-err>
  </system-err>
</testsuite>
