<?xml version="1.0" encoding="UTF-8"?>
<testsuite name="TestJForums" tests="1" time="73.792848" failures="0" errors="0" skipped="0" assertions="28">
  <testcase name="test_jforums" time="73.79255" assertions="28">
  </testcase>
  <system-out>
  </system-out>
  <system-err>
  </system-err>
</testsuite>
