<?xml version="1.0" encoding="UTF-8"?>
<testsuite name="TestCreateLessons" tests="1" time="73.670212" failures="1" errors="0" skipped="0" assertions="19">
  <testcase name="test_lesson_creation" time="73.669947" assertions="19">
    <failure type="Test::Unit::AssertionFailedError" message="&lt;false&gt; is not true.">
&lt;false&gt; is not true. (Test::Unit::AssertionFailedError)
tc_create_lessons.rb:257:in `test_lesson_creation'    </failure>
  </testcase>
  <system-out>
  </system-out>
  <system-err>
  </system-err>
</testsuite>
