<?xml version="1.0" encoding="UTF-8"?>
<testsuite name="CreateUsers" tests="1" time="70.196709" failures="0" errors="0" skipped="0" assertions="64">
  <testcase name="test_create_more_users" time="70.196404" assertions="64">
  </testcase>
  <system-out>
  </system-out>
  <system-err>
  </system-err>
</testsuite>
