<?xml version="1.0" encoding="UTF-8"?>
<testsuite name="TestCreateNewAssessments" tests="1" time="87.23635" failures="1" errors="0" skipped="0" assertions="12">
  <testcase name="test_create_assessments" time="87.236086" assertions="12">
    <failure type="Test::Unit::AssertionFailedError" message="&lt;false&gt; is not true.">
&lt;false&gt; is not true. (Test::Unit::AssertionFailedError)
tc_create_assessments.rb:309:in `test_create_assessments'    </failure>
  </testcase>
  <system-out>
  </system-out>
  <system-err>
  </system-err>
</testsuite>
