<?xml version="1.0" encoding="UTF-8"?>
<testsuite name="AddCourseSiteParticipants" tests="1" time="81.326206" failures="0" errors="0" skipped="0" assertions="100">
  <testcase name="test_adding_participants_to_course" time="81.325923" assertions="100">
  </testcase>
  <system-out>
  </system-out>
  <system-err>
  </system-err>
</testsuite>
