<?xml version="1.0" encoding="UTF-8"?>
<testsuite name="TestPollCreation" tests="1" time="19.271312" failures="0" errors="0" skipped="0" assertions="2">
  <testcase name="test_creating_a_poll" time="19.271018" assertions="2">
  </testcase>
  <system-out>
  </system-out>
  <system-err>
  </system-err>
</testsuite>
