<?xml version="1.0" encoding="UTF-8"?>
<testsuite name="TestGradingAssignments" tests="1" time="32.768367" failures="0" errors="0" skipped="0" assertions="4">
  <testcase name="test_grade_assignments" time="32.767997" assertions="4">
  </testcase>
  <system-out>
  </system-out>
  <system-err>
  </system-err>
</testsuite>
